<?xml version="1.0" encoding="UTF-8"?>
<testsuite xmlns:xsi="http://www.w3.org/2001/XMLSchema-instance" xsi:noNamespaceSchemaLocation="https://maven.apache.org/surefire/maven-surefire-plugin/xsd/surefire-test-report-3.0.xsd" version="3.0" name="com.fashionstore.FashionStoreApplicationTests" time="7.29" tests="1" errors="0" skipped="0" failures="0">
  <properties>
[...]
</properties>
  <testcase name="contextLoads" classname="com.fashionstore.FashionStoreApplicationTests" time="0.392">
    <system-out><![CDATA[23:34:23.452 [main] INFO org.springframework.test.context.support.AnnotationConfigContextLoaderUtils -- Could not detect default configuration classes for test class [com.fashionstore.FashionStoreApplicationTests]: FashionStoreApplicationTests does not declare any static, non-private, non-final, nested classes annotated with @Configuration.
23:34:23.534 [main] INFO org.springframework.boot.test.context.SpringBootTestContextBootstrapper -- Found @SpringBootConfiguration com.fashionstore.FashionStoreApplication for test class com.fashionstore.FashionStoreApplicationTests

  .   ____          _            __ _ _
 /\\ / ___'_ __ _ _(_)_ __  __ _ \ \ \ \
( ( )\___ | '_ | '_| | '_ \/ _` | \ \ \ \
 \\/  ___)| |_)| | | | | || (_| |  ) ) ) )
  '  |____| .__|_| |_|_| |_\__, | / / / /
 =========|_|==============|___/=/_/_/_/
 :: Spring Boot ::                (v3.2.3)

2026-02-21T23:34:23.921Z  WARN 5184 --- [           main] ory$DuplicateJsonObjectContextCustomizer : 

Found multiple occurrences of org.json.JSONObject on the class path:

	jar:file:/home/runner/.m2/repository/org/json/json/20180130/json-20180130.jar!/org/json/JSONObject.class
	jar:file:/home/runner/.m2/repository/com/vaadin/external/google/android-json/0.0.20131108.vaadin1/android-json-0.0.20131108.vaadin1.jar!/org/json/JSONObject.class

You may wish to exclude one of them to ensure predictable runtime behavior

2026-02-21T23:34:23.934Z  INFO 5184 --- [           main] c.f.FashionStoreApplicationTests         : Starting FashionStoreApplicationTests using Java 17.0.18 with PID 5184 (started by runner in /home/runner/work/MainRepo/MainRepo)
2026-02-21T23:34:23.935Z  INFO 5184 --- [           main] c.f.FashionStoreApplicationTests         : The following 1 profile is active: "test"
2026-02-21T23:34:24.886Z  INFO 5184 --- [           main] .s.d.r.c.RepositoryConfigurationDelegate : Bootstrapping Spring Data JPA repositories in DEFAULT mode.
2026-02-21T23:34:24.955Z  INFO 5184 --- [           main] .s.d.r.c.RepositoryConfigurationDelegate : Finished Spring Data repository scanning in 62 ms. Found 7 JPA repository interfaces.
2026-02-21T23:34:25.532Z  INFO 5184 --- [           main] o.hibernate.jpa.internal.util.LogHelper  : HHH000204: Processing PersistenceUnitInfo [name: default]
2026-02-21T23:34:25.568Z  INFO 5184 --- [           main] org.hibernate.Version                    : HHH000412: Hibernate ORM core version 6.4.4.Final
2026-02-21T23:34:25.590Z  INFO 5184 --- [           main] o.h.c.internal.RegionFactoryInitiator    : HHH000026: Second-level cache disabled
2026-02-21T23:34:25.751Z  INFO 5184 --- [           main] o.s.o.j.p.SpringPersistenceUnitInfo      : No LoadTimeWeaver setup: ignoring JPA class transformer
2026-02-21T23:34:25.768Z  INFO 5184 --- [           main] com.zaxxer.hikari.HikariDataSource       : HikariPool-1 - Starting...
2026-02-21T23:34:25.894Z  INFO 5184 --- [           main] com.zaxxer.hikari.pool.HikariPool        : HikariPool-1 - Added connection conn0: url=jdbc:h2:mem:testdb user=SA
2026-02-21T23:34:25.895Z  INFO 5184 --- [           main] com.zaxxer.hikari.HikariDataSource       : HikariPool-1 - Start completed.
2026-02-21T23:34:25.912Z  WARN 5184 --- [           main] org.hibernate.orm.deprecation            : HHH90000025: H2Dialect does not need to be specified explicitly using 'hibernate.dialect' (remove the property setting and it will be selected by default)
2026-02-21T23:34:26.801Z  INFO 5184 --- [           main] o.h.e.t.j.p.i.JtaPlatformInitiator       : HHH000489: No JTA platform available (set 'hibernate.transaction.jta.platform' to enable JTA platform integration)
2026-02-21T23:34:26.867Z  INFO 5184 --- [           main] j.LocalContainerEntityManagerFactoryBean : Initialized JPA EntityManagerFactory for persistence unit 'default'
2026-02-21T23:34:27.353Z  INFO 5184 --- [           main] o.s.d.j.r.query.QueryEnhancerFactory     : Hibernate is in classpath; If applicable, HQL parser will be used.
2026-02-21T23:34:28.670Z  WARN 5184 --- [           main] JpaBaseConfiguration$JpaWebConfiguration : spring.jpa.open-in-view is enabled by default. Therefore, database queries may be performed during view rendering. Explicitly configure spring.jpa.open-in-view to disable this warning
2026-02-21T23:34:28.833Z  INFO 5184 --- [           main] o.s.b.a.w.s.WelcomePageHandlerMapping    : Adding welcome page template: index
2026-02-21T23:34:29.208Z  INFO 5184 --- [           main] o.s.b.a.e.web.EndpointLinksResolver      : Exposing 1 endpoint(s) beneath base path '/actuator'
2026-02-21T23:34:29.291Z  INFO 5184 --- [           main] o.s.s.web.DefaultSecurityFilterChain     : Will secure any request with [org.springframework.security.web.session.DisableEncodeUrlFilter@374d0329, org.springframework.security.web.context.request.async.WebAsyncManagerIntegrationFilter@30f13b3a, org.springframework.security.web.context.SecurityContextHolderFilter@52602cb2, org.springframework.security.web.header.HeaderWriterFilter@6afa4a3d, org.springframework.web.filter.CorsFilter@508bd0d5, org.springframework.security.web.authentication.logout.LogoutFilter@6216b817, com.fashionstore.security.JwtAuthFilter@104b145b, org.springframework.security.web.savedrequest.RequestCacheAwareFilter@680f4ae7, org.springframework.security.web.servletapi.SecurityContextHolderAwareRequestFilter@7afed39b, org.springframework.security.web.authentication.AnonymousAuthenticationFilter@35ea9d72, org.springframework.security.web.session.SessionManagementFilter@1362991d, org.springframework.security.web.access.ExceptionTranslationFilter@30107313, org.springframework.security.web.access.intercept.AuthorizationFilter@6b5c4867]
2026-02-21T23:34:29.862Z  INFO 5184 --- [           main] c.f.FashionStoreApplicationTests         : Started FashionStoreApplicationTests in 6.208 seconds (process running for 7.013)
2026-02-21T23:34:30.019Z  INFO 5184 --- [           main] com.fashionstore.config.DataLoader       : Created role: ROLE_ADMIN
2026-02-21T23:34:30.026Z  INFO 5184 --- [           main] com.fashionstore.config.DataLoader       : Created role: ROLE_CUSTOMER
2026-02-21T23:34:30.145Z  INFO 5184 --- [           main] com.fashionstore.config.DataLoader       : Created admin user: admin@fashionstore.com
2026-02-21T23:34:30.153Z  INFO 5184 --- [           main] com.fashionstore.config.DataLoader       : Created category: Men
2026-02-21T23:34:30.155Z  INFO 5184 --- [           main] com.fashionstore.config.DataLoader       : Created category: Women
2026-02-21T23:34:30.158Z  INFO 5184 --- [           main] com.fashionstore.config.DataLoader       : Created category: Kids
2026-02-21T23:34:30.160Z  INFO 5184 --- [           main] com.fashionstore.config.DataLoader       : Created category: Accessories
2026-02-21T23:34:30.186Z  INFO 5184 --- [           main] com.fashionstore.config.DataLoader       : Created sample products
]]></system-out>
  </testcase>
</testsuite>